<?xml version="1.0" encoding="UTF-8"?>
<!-- Generated by org.testng.reporters.JUnitXMLReporter -->
<testsuite hostname="E5570-2417" ignored="0" name="Full Regres" tests="1" failures="0" timestamp="15 Mar 2018 18:54:42 GMT" time="0.016" errors="0">
  <testcase name="@BeforeSuite setUp" time="0.0" classname="base.Before_and_After_Suite">
    <failure type="org.testng.TestNGException" message="
Parameter &amp;apos;browser&amp;apos; is required by BeforeSuite on method setUp but has not been marked @Optional or defined
in C:\Users\smjones\workspace\AdvancED\Strat\Strategies Automation\chrome_only.xml">
      <![CDATA[org.testng.TestNGException: 
Parameter 'browser' is required by BeforeSuite on method setUp but has not been marked @Optional or defined
in C:\Users\smjones\workspace\AdvancED\Strat\Strategies Automation\chrome_only.xml
... Removed 16 stack frames]]>
    </failure>
  </testcase> <!-- @BeforeSuite setUp -->
  <testcase name="test" time="0.0" classname="strat_regresion_test.RequestPassword">
    <skipped/>
  </testcase> <!-- test -->
</testsuite> <!-- Full Regres -->
